<?xml version="1.0" encoding="UTF-8"?>
<testng-results ignored="0" total="1" passed="1" failed="0" skipped="0">
  <reporter-output>
  </reporter-output>
  <suite started-at="2023-08-18T20:21:33 IST" name="Default suite" finished-at="2023-08-18T20:21:33 IST" duration-ms="85">
    <groups>
    </groups>
    <test started-at="2023-08-18T20:21:33 IST" name="Default test" finished-at="2023-08-18T20:21:33 IST" duration-ms="85">
      <class name="TestNgbasics.If_Else">
        <test-method signature="demo()[pri:0, instance:TestNgbasics.If_Else@2ef3eef9]" started-at="2023-08-18T20:21:33 IST" name="demo" finished-at="2023-08-18T20:21:33 IST" duration-ms="25" status="PASS">
          <reporter-output>
          </reporter-output>
        </test-method> <!-- demo -->
      </class> <!-- TestNgbasics.If_Else -->
    </test> <!-- Default test -->
  </suite> <!-- Default suite -->
</testng-results>
