<?xml version="1.0" encoding="UTF-8"?>
<testng-results ignored="1" total="2" passed="1" failed="0" skipped="0">
  <reporter-output>
    <line>
      <![CDATA[TC1 is pass]]>
    </line>
  </reporter-output>
  <suite started-at="2023-08-28T14:53:34 IST" name="Default suite" finished-at="2023-08-28T14:53:34 IST" duration-ms="80">
    <groups>
    </groups>
    <test started-at="2023-08-28T14:53:34 IST" name="Default test" finished-at="2023-08-28T14:53:34 IST" duration-ms="80">
      <class name="TestNgbasics.Simple">
        <test-method signature="TC1()[pri:0, instance:TestNgbasics.Simple@243c4f91]" started-at="2023-08-28T14:53:34 IST" name="TC1" finished-at="2023-08-28T14:53:34 IST" duration-ms="21" status="PASS">
          <reporter-output>
            <line>
              <![CDATA[TC1 is pass]]>
            </line>
          </reporter-output>
        </test-method> <!-- TC1 -->
      </class> <!-- TestNgbasics.Simple -->
    </test> <!-- Default test -->
  </suite> <!-- Default suite -->
</testng-results>
